FlashPro
Version: 11.6.0.34
Release: v11.6

Software Version: 11.6.0.34
Error: Failed to open the project file
       'F:\Avionics_2\designer\impl1\transceiver_integration_fp\transceiver_integration.pro'.
Warning: One or more start-up commands did not succeed.
Software Version: 11.6.0.34
creating folder:
F:\Avionics_2\designer\impl1\transceiver_integration_fp\transciever_integration_fp
Driver : 3.0.0 build 1
programmer '98250' : FlashPro3
Created new project
'F:\Avionics_2\designer\impl1\transceiver_integration_fp\transciever_integration_fp\transciever\
_integration_fp.pro'
Error: A programming file must be loaded before running the command 'run_selected_actions'.
PDB file 'F:\Avionics_2\designer\impl1\transceiver_integration.pdb' has been loaded
successfully.
DESIGN : transceiver_integration;  CHECKSUM : E5F2;  PDB_VERSION : 1.9
programmer '98250' : Scan Chain...
Warning: programmer '98250' : Vpump has been selected on programmer AND an externally provided
         Vpump has also been detected. Using externally provided Vpump voltage source.
programmer '98250' : Scan Chain PASSED.
programmer '98250' : Executing action PROGRAM
programmer '98250' : EXPORT FSN[48] = 014eaf603098
programmer '98250' : Data Authentication
programmer '98250' : Erase ...
programmer '98250' : Completed erase
programmer '98250' : EXPORT CHECKSUM: [16] = e5f2
programmer '98250' : Programming FPGA Array
programmer '98250' : Verifying FPGA Array
programmer '98250' :             Verifying FPGA Array -- PASS
programmer '98250' : Finished: Mon Mar 07 22:06:36 2016 (Elapsed time 00:01:56)
programmer '98250' : Executing action PROGRAM PASSED.

                        o - o - o - o - o - o

Warning: Project 'transciever_integration_fp' has been modified. Do you want to save it? [YES]
creating folder:
F:\Avionics_2\designer\impl1\transceiver_integration_fp\transciever_integration_fp\projectData
Project saved.
Project closed.
