Microsemi Libero Software
Version: 11.6.0.34
Release: v11.6

Info: The design full_system.adb was last modified by software version 11.6.0.34.
Opened an existing Libero design full_system.adb.
'BA_NAME' set to 'full_system_ba'
'IDE_DESIGNERVIEW_NAME' set to 'Impl1'
'IDE_DESIGNERVIEW_COUNT' set to '1'
'IDE_DESIGNERVIEW_REV0' set to 'Impl1'
'IDE_DESIGNERVIEW_REVNUM0' set to '1'
'IDE_DESIGNERVIEW_ROOTDIR' set to
'C:\Users\Scott\Documents\Docs\School\Senior\Projects\Libero\Avionics_2\designer'
'IDE_DESIGNERVIEW_LASTREV' set to '1'
Back-annotated to the file(s):
   .\full_system_ba.sdf
   .\full_system_ba.v

The Back-Annotate command succeeded ( 00:00:04 )
Design saved to file
C:\Users\Scott\Documents\Docs\School\Senior\Projects\Libero\Avionics_2\designer\impl1\full_syst\
em.adb.

The Execute Script command succeeded ( 00:00:06 )
Design closed.

