Microsemi Libero Software
Version: 11.6.0.34
Release: v11.6

Info: The design
      C:/Users/Scott/Documents/Docs/School/Senior/Projects/Libero/Avionics_2/designer/impl1/ful\
      l_system.adb was last modified by software version 11.6.0.34.
Opened an existing Libero design
C:/Users/Scott/Documents/Docs/School/Senior/Projects/Libero/Avionics_2/designer/impl1/full_syst\
em.adb.

The Export-map command succeeded ( 00:00:32 )
Wrote to the file:
C:\Users\Scott\Documents\Docs\School\Senior\Projects\Libero\Avionics_2\designer\impl1\full_syst\
em.pdb
CHECKSUM: 13E8

The Generate programming file command succeeded ( 00:00:36 )
Design saved to file
C:/Users/Scott/Documents/Docs/School/Senior/Projects/Libero/Avionics_2/designer/impl1/full_syst\
em.adb.

The Execute Script command succeeded ( 00:00:41 )
Design closed.

