Microsemi Libero Software
Version: 11.6.0.34
Release: v11.6

Info: The design
      C:\Users\Scott\Documents\Docs\School\Senior\Projects\Libero\Avionics_2\designer\impl1\gei\
      ger_integration.adb was last modified by software version 11.6.0.34.
Opened an existing Libero design
C:\Users\Scott\Documents\Docs\School\Senior\Projects\Libero\Avionics_2\designer\impl1\geiger_in\
tegration.adb.
'BA_NAME' set to 'geiger_integration_ba'
'KEEP_EXISTING_PHYSICAL_CONSTRAINTS' set to '1'
'SDC_IMPORT_MERGE' set to '1'
'IDE_DESIGNERVIEW_NAME' set to 'Impl1'
'IDE_DESIGNERVIEW_COUNT' set to '1'
'IDE_DESIGNERVIEW_REV0' set to 'Impl1'
'IDE_DESIGNERVIEW_REVNUM0' set to '1'
'IDE_DESIGNERVIEW_ROOTDIR' set to
'C:\Users\Scott\Documents\Docs\School\Senior\Projects\Libero\Avionics_2\designer'
'IDE_DESIGNERVIEW_LASTREV' set to '1'

The Execute Script command succeeded ( 00:00:00 )
Checking for software updates...
Design closed.

