Microsemi Libero Software
Version: 11.6.0.34
Release: v11.6

Info: The design I2C_integration.adb was last modified by software version 11.6.0.34.
Opened an existing Libero design I2C_integration.adb.
'BA_NAME' set to 'I2C_integration_ba'
'IDE_DESIGNERVIEW_NAME' set to 'Impl1'
'IDE_DESIGNERVIEW_COUNT' set to '1'
'IDE_DESIGNERVIEW_REV0' set to 'Impl1'
'IDE_DESIGNERVIEW_REVNUM0' set to '1'
'IDE_DESIGNERVIEW_ROOTDIR' set to 'F:\Avionics_2\designer'
'IDE_DESIGNERVIEW_LASTREV' set to '1'
Wrote timing report to file: I2C_integration_maxdelay_timing_report.txt

The Report command succeeded ( 00:00:02 )
Wrote timing report to file: I2C_integration_mindelay_timing_report.txt

The Report command succeeded ( 00:00:00 )
Wrote timing_violations report to file: I2C_integration_maxdelay_timingviolations_report.txt

The Report command succeeded ( 00:00:00 )
Wrote timing_violations report to file: I2C_integration_mindelay_timingviolations_report.txt

The Report command succeeded ( 00:00:00 )
Design saved to file F:\Avionics_2\designer\impl1\I2C_integration.adb.

The Execute Script command succeeded ( 00:00:05 )
Design closed.

