Microsemi Libero Software
Version: 11.6.0.34
Release: v11.6

'IDE_DESIGNERVIEW_ROOTDIR' set to
'C:\Users\Scott\Documents\Docs\School\Senior\Projects\Libero\Avionics_2\designer'
Info: The design transceiver_integration.adb was last modified by software version 11.6.0.34.
Opened an existing Libero design transceiver_integration.adb.

The Execute Script command succeeded ( 00:00:43 )
Checking for software updates...
Design saved to file
C:\Users\Scott\Documents\Docs\School\Senior\Projects\Libero\Avionics_2\designer\impl1\transceiv\
er_integration.adb.
Wrote pin report to file:
C:\Users\Scott\Documents\Docs\School\Senior\Projects\Libero\Avionics_2\designer\impl1\transceiv\
er_integration_report_pin_byname.txt

The Report command succeeded ( 00:00:01 )
Wrote pin report to file:
C:\Users\Scott\Documents\Docs\School\Senior\Projects\Libero\Avionics_2\designer\impl1\transceiv\
er_integration_report_pin_bynumber.txt

The Report command succeeded ( 00:00:01 )

The Execute Script command succeeded ( 00:00:02 )
Design closed.

