Microsemi Libero Software
Version: 11.6.0.34
Release: v11.6

Info: The design F:\Avionics_2\designer\impl1\transceiver_integration.adb was last modified by
      software version 11.6.0.34.
Opened an existing Libero design F:\Avionics_2\designer\impl1\transceiver_integration.adb.
'BA_NAME' set to 'transceiver_integration_ba'
'KEEP_EXISTING_PHYSICAL_CONSTRAINTS' set to '1'
'SDC_IMPORT_MERGE' set to '1'
'IDE_DESIGNERVIEW_NAME' set to 'Impl1'
'IDE_DESIGNERVIEW_COUNT' set to '1'
'IDE_DESIGNERVIEW_REV0' set to 'Impl1'
'IDE_DESIGNERVIEW_REVNUM0' set to '1'
'IDE_DESIGNERVIEW_ROOTDIR' set to 'F:\Avionics_2\designer'
'IDE_DESIGNERVIEW_LASTREV' set to '1'

The Execute Script command succeeded ( 00:00:00 )
Warning: The following files already exist:
         
         F:\Avionics_2\designer\impl1\transceiver_integration.pdb
         
         Do you want to replace the files? [YES]

The Export-map command succeeded ( 00:00:37 )
Warning: Overwriting the existing file:
         F:\Avionics_2\designer\impl1\transceiver_integration.pdb.
Wrote to the file: F:\Avionics_2\designer\impl1\transceiver_integration.pdb
CHECKSUM: E5F2

The Generate programming file command succeeded ( 00:00:41 )
Design saved to file F:\Avionics_2\designer\impl1\transceiver_integration.adb.
Wrote pin report to file:
F:\Avionics_2\designer\impl1\transceiver_integration_report_pin_byname.txt

The Report command succeeded ( 00:00:00 )
Wrote pin report to file:
F:\Avionics_2\designer\impl1\transceiver_integration_report_pin_bynumber.txt

The Report command succeeded ( 00:00:01 )

The Execute Script command succeeded ( 00:00:01 )
Design closed.

