# Synopsys Constraint Checker(syntax only), version mapact, Build 1522R, built Jun  4 2015
# Copyright (C) 1994-2015, Synopsys, Inc. This software and the associated documentation are proprietary to Synopsys, Inc. This software may only be used in accordance with the terms and conditions of a written license agreement with Synopsys, Inc.  All other use, reproduction, or distribution of this software is strictly prohibited.

# Written on Tue Apr 12 23:10:51 2016


##### DESIGN INFO #######################################################

Top View:                "full_system"
Constraint File(s):      (none)

#Run constraint checker to find more issues with constraints.
#########################################################################



No issues found in constraint syntax.



Clock Summary
*************

Start                                            Requested     Requested     Clock        Clock              
Clock                                            Frequency     Period        Type         Group              
-------------------------------------------------------------------------------------------------------------
CLK_26MHZ|GLA_inferred_clock                     100.0 MHz     10.000        inferred     Inferred_clkgroup_9
clock_div_1MHZ_10HZ|clk_out_inferred_clock       100.0 MHz     10.000        inferred     Inferred_clkgroup_1
clock_div_1MHZ_100KHZ|clk_out_inferred_clock     100.0 MHz     10.000        inferred     Inferred_clkgroup_5
clock_div_26MHZ_1MHZ|clk_out_inferred_clock      100.0 MHz     10.000        inferred     Inferred_clkgroup_6
memory_controller|next_read_inferred_clock       100.0 MHz     10.000        inferred     Inferred_clkgroup_4
memory_controller|next_write_inferred_clock      100.0 MHz     10.000        inferred     Inferred_clkgroup_0
reset_pulse|CLK_OUT_48MHZ_inferred_clock         100.0 MHz     10.000        inferred     Inferred_clkgroup_7
spi_master|busy_inferred_clock                   100.0 MHz     10.000        inferred     Inferred_clkgroup_8
spi_mode_config2|next_b_inferred_clock           100.0 MHz     10.000        inferred     Inferred_clkgroup_3
spi_mode_config2|ss_b_inferred_clock             100.0 MHz     10.000        inferred     Inferred_clkgroup_2
=============================================================================================================
