# Reading C:/Microsemi/Libero_v11.6/Model/tcl/vsim/pref.tcl
# do run.do
# INFO: Simulation library presynth already exists
# Model Technology ModelSim PE vmap 10.3c Lib Mapping Utility 2014.07 Jul 19 2014
# vmap -modelsim_quiet presynth presynth 
# Modifying modelsim.ini
# Model Technology ModelSim PE vmap 10.3c Lib Mapping Utility 2014.07 Jul 19 2014
# vmap -modelsim_quiet proasic3l C:/Microsemi/Libero_v11.6/Designer/lib/modelsim/precompiled/vlog/proasic3l 
# Modifying modelsim.ini
# Model Technology ModelSim Microsemi vlog 10.3c Compiler 2014.07 Jul 19 2014
# Start time: 19:14:59 on Mar 08,2016
# vlog -reportprogress 300 -work presynth F:/Avionics_2/hdl/dummy_mem.v 
# -- Compiling module dummy_mem
# 
# Top level modules:
# 	dummy_mem
# End time: 19:14:59 on Mar 08,2016, Elapsed time: 0:00:00
# Errors: 0, Warnings: 0
# Model Technology ModelSim Microsemi vlog 10.3c Compiler 2014.07 Jul 19 2014
# Start time: 19:14:59 on Mar 08,2016
# vlog -reportprogress 300 -work presynth F:/Avionics_2/hdl/orbit_control.v 
# -- Compiling module orbit_control
# 
# Top level modules:
# 	orbit_control
# End time: 19:15:00 on Mar 08,2016, Elapsed time: 0:00:01
# Errors: 0, Warnings: 0
# Model Technology ModelSim Microsemi vlog 10.3c Compiler 2014.07 Jul 19 2014
# Start time: 19:15:01 on Mar 08,2016
# vlog -reportprogress 300 -work presynth F:/Avionics_2/hdl/SPI_Master.v 
# -- Compiling module spi_master
# 
# Top level modules:
# 	spi_master
# End time: 19:15:02 on Mar 08,2016, Elapsed time: 0:00:01
# Errors: 0, Warnings: 0
# Model Technology ModelSim Microsemi vlog 10.3c Compiler 2014.07 Jul 19 2014
# Start time: 19:15:02 on Mar 08,2016
# vlog -reportprogress 300 -work presynth F:/Avionics_2/hdl/spi_mode_config2.v 
# -- Compiling module spi_mode_config2
# ** Warning: F:/Avionics_2/hdl/spi_mode_config2.v(38): (vlog-2600) [RDGN] - Redundant digits in numeric literal.
# 
# ** Warning: F:/Avionics_2/hdl/spi_mode_config2.v(39): (vlog-2600) [RDGN] - Redundant digits in numeric literal.
# 
# ** Warning: F:/Avionics_2/hdl/spi_mode_config2.v(40): (vlog-2600) [RDGN] - Redundant digits in numeric literal.
# 
# ** Warning: F:/Avionics_2/hdl/spi_mode_config2.v(41): (vlog-2600) [RDGN] - Redundant digits in numeric literal.
# 
# ** Warning: F:/Avionics_2/hdl/spi_mode_config2.v(42): (vlog-2600) [RDGN] - Redundant digits in numeric literal.
# 
# ** Warning: F:/Avionics_2/hdl/spi_mode_config2.v(43): (vlog-2600) [RDGN] - Redundant digits in numeric literal.
# 
# 
# Top level modules:
# 	spi_mode_config2
# End time: 19:15:15 on Mar 08,2016, Elapsed time: 0:00:13
# Errors: 0, Warnings: 6
# Model Technology ModelSim Microsemi vlog 10.3c Compiler 2014.07 Jul 19 2014
# Start time: 19:15:15 on Mar 08,2016
# vlog -reportprogress 300 -work presynth F:/Avionics_2/component/work/master_mode/master_mode.v 
# -- Compiling module master_mode
# 
# Top level modules:
# 	master_mode
# End time: 19:15:19 on Mar 08,2016, Elapsed time: 0:00:04
# Errors: 0, Warnings: 0
# Model Technology ModelSim Microsemi vlog 10.3c Compiler 2014.07 Jul 19 2014
# Start time: 19:15:20 on Mar 08,2016
# vlog -reportprogress 300 "+incdir+F:/Avionics_2/stimulus" -work presynth F:/Avionics_2/stimulus/master_mode_tb.v 
# -- Compiling module master_mode_tb
# 
# Top level modules:
# 	master_mode_tb
# End time: 19:15:21 on Mar 08,2016, Elapsed time: 0:00:01
# Errors: 0, Warnings: 0
# vsim -gui -do "do run.do" -l master_mode_tb_presynth_simulation.log 
# Start time: 19:15:21 on Mar 08,2016
# //  ModelSim Microsemi 10.3c Jul 19 2014 
# //
# //  Copyright 1991-2014 Mentor Graphics Corporation
# //  All Rights Reserved.
# //
# //  THIS WORK CONTAINS TRADE SECRET AND PROPRIETARY INFORMATION
# //  WHICH IS THE PROPERTY OF MENTOR GRAPHICS CORPORATION OR ITS
# //  LICENSORS AND IS SUBJECT TO LICENSE TERMS.
# //
# Loading presynth.master_mode_tb
# Loading presynth.master_mode
# Loading presynth.dummy_mem
# Loading presynth.orbit_control
# Loading presynth.spi_master
# Loading presynth.spi_mode_config2
# ** Warning: (vsim-WLF-5000) WLF file currently in use: vsim.wlf
# 
#           File in use by: Scott  Hostname: SCOTT-PC  ProcessID: 14132
# 
#           Attempting to use alternate WLF file "./wlftzy23bk".
# ** Warning: (vsim-WLF-5001) Could not open WLF file: vsim.wlf
# 
#           Using alternate file: ./wlftzy23bk
# 
add wave  \
sim:/master_mode_tb/master_mode_0/spi_mode_config_0_byte_out
run -all
# End time: 19:17:13 on Mar 08,2016, Elapsed time: 0:01:52
# Errors: 0, Warnings: 2
