# Reading C:/Microsemi/Libero_v11.6/Model/tcl/vsim/pref.tcl
# do run.do
# INFO: Simulation library ../designer/impl1/simulation/postlayout already exists
# Model Technology ModelSim PE vmap 10.3c Lib Mapping Utility 2014.07 Jul 19 2014
# vmap -modelsim_quiet postlayout ../designer/impl1/simulation/postlayout 
# Modifying modelsim.ini
# Model Technology ModelSim PE vmap 10.3c Lib Mapping Utility 2014.07 Jul 19 2014
# vmap -modelsim_quiet proasic3l C:/Microsemi/Libero_v11.6/Designer/lib/modelsim/precompiled/vlog/proasic3l 
# Modifying modelsim.ini
# Model Technology ModelSim Microsemi vlog 10.3c Compiler 2014.07 Jul 19 2014
# Start time: 20:41:06 on Apr 07,2016
# vlog -reportprogress 300 -work postlayout C:/Users/Scott/Documents/Docs/School/Senior/Projects/Libero/Avionics_2/designer/impl1/full_system_ba.v 
# -- Compiling module PLLBA
# -- Compiling module full_system
# 
# Top level modules:
# 	full_system
# End time: 20:41:06 on Apr 07,2016, Elapsed time: 0:00:00
# Errors: 0, Warnings: 0
# Model Technology ModelSim Microsemi vlog 10.3c Compiler 2014.07 Jul 19 2014
# Start time: 20:41:06 on Apr 07,2016
# vlog -reportprogress 300 "+incdir+C:/Users/Scott/Documents/Docs/School/Senior/Projects/Libero/Avionics_2/stimulus" -work postlayout C:/Users/Scott/Documents/Docs/School/Senior/Projects/Libero/Avionics_2/stimulus/tb_full_system.v 
# -- Compiling module tb_full_system
# 
# Top level modules:
# 	tb_full_system
# End time: 20:41:07 on Apr 07,2016, Elapsed time: 0:00:01
# Errors: 0, Warnings: 0
# vsim -gui -do "do run.do" -l tb_full_system_postlayout_simulation.log 
# Start time: 20:41:07 on Apr 07,2016
# //  ModelSim Microsemi 10.3c Jul 19 2014 
# //
# //  Copyright 1991-2014 Mentor Graphics Corporation
# //  All Rights Reserved.
# //
# //  THIS WORK CONTAINS TRADE SECRET AND PROPRIETARY INFORMATION
# //  WHICH IS THE PROPERTY OF MENTOR GRAPHICS CORPORATION OR ITS
# //  LICENSORS AND IS SUBJECT TO LICENSE TERMS.
# //
# Loading postlayout.tb_full_system
# Loading postlayout.full_system
# Loading proasic3l.NOR3C
# Loading proasic3l.AND3
# Loading proasic3l.MX2
# Loading proasic3l.XOR2
# Loading proasic3l.NOR2B
# Loading proasic3l.XA1
# Loading proasic3l.AO1
# Loading proasic3l.DFN1C0
# Loading proasic3l.AO13
# Loading proasic3l.OR3
# Loading proasic3l.DFN1E1
# Loading proasic3l.DFN1P0
# Loading proasic3l.NOR2A
# Loading proasic3l.AO1A
# Loading proasic3l.NOR2
# Loading proasic3l.NOR3A
# Loading proasic3l.OA1
# Loading proasic3l.OR2B
# Loading proasic3l.DFN0C0
# Loading proasic3l.OR2A
# Loading proasic3l.DFN0P0
# Loading proasic3l.NOR3
# Loading proasic3l.IOPAD_TRI
# Loading proasic3l.DLN1P1C1
# Loading proasic3l.XA1B
# Loading proasic3l.IOPAD_BI
# Loading proasic3l.IOBI_IB_OB_EB
# Loading proasic3l.XO1
# Loading proasic3l.CLKINT
# Loading proasic3l.IOTRI_OB_EB
# Loading proasic3l.INV
# Loading proasic3l.AX1
# Loading proasic3l.NOR3B
# Loading proasic3l.DLN0C0
# Loading proasic3l.OA1B
# Loading proasic3l.OR2
# Loading proasic3l.AO1C
# Loading proasic3l.OR3B
# Loading proasic3l.AND2
# Loading proasic3l.OA1A
# Loading proasic3l.AX1C
# Loading proasic3l.OR3A
# Loading proasic3l.XNOR2
# Loading proasic3l.AOI1B
# Loading proasic3l.BUFF
# Loading proasic3l.IOPAD_IN
# Loading proasic3l.XOR3
# Loading proasic3l.XNOR3
# Loading proasic3l.AO1D
# Loading proasic3l.AND3B
# Loading proasic3l.OAI1
# Loading proasic3l.MX2C
# Loading postlayout.PLLBA
# Loading proasic3l.PLL_SDF
# Loading proasic3l.PLL_DLY_SDF
# Loading proasic3l.GND
# Loading proasic3l.MX2B
# Loading proasic3l.AOI1
# Loading proasic3l.XAI1A
# Loading proasic3l.OA1C
# Loading proasic3l.OR3C
# Loading proasic3l.AO18
# Loading proasic3l.AOI1A
# Loading proasic3l.AND2A
# Loading proasic3l.AX1E
# Loading proasic3l.IOIN_IB
# Loading proasic3l.XAI1
# Loading proasic3l.DLN1
# Loading proasic3l.AND3C
# Loading proasic3l.DLN0P0
# Loading proasic3l.AO1B
# Loading proasic3l.AO12
# Loading proasic3l.MX2A
# Loading proasic3l.ULSICC_INT
# Loading proasic3l.AXOI7
# Loading proasic3l.AXOI5
# Loading proasic3l.VCC
# SDF 10.3c Compiler 2014.07 Jul 19 2014
# 
# Loading instances from C:/Users/Scott/Documents/Docs/School/Senior/Projects/Libero/Avionics_2/designer/impl1/full_system_ba.sdf
# Loading proasic3l.UDP_MUX2
# Loading proasic3l.Dffpr
# Loading proasic3l.Dffpf
# Loading proasic3l.DL2C_UDP
# Loading proasic3l.UDPN_MUX2
# Loading timing data from C:/Users/Scott/Documents/Docs/School/Senior/Projects/Libero/Avionics_2/designer/impl1/full_system_ba.sdf
# ** Note: (vsim-3587) SDF Backannotation Successfully Completed.
#    Time: 0 ps  Iteration: 0  Instance: /tb_full_system File: C:/Users/Scott/Documents/Docs/School/Senior/Projects/Libero/Avionics_2/stimulus/tb_full_system.v
# ** Warning: (vsim-WLF-5000) WLF file currently in use: vsim.wlf
# 
#           File in use by: Scott  Hostname: SCOTT-PC  ProcessID: 14132
# 
#           Attempting to use alternate WLF file "./wlftht7z50".
# ** Warning: (vsim-WLF-5001) Could not open WLF file: vsim.wlf
# 
#           Using alternate file: ./wlftht7z50
# 
# ** Error: src/proasic3l.v(9730): $recovery( posedge CLR:18409 ps, negedge CLK:18640 ps, 265 ps );
#    Time: 18640 ps  Iteration: 0  Instance: /tb_full_system/full_system_0/\spi_mode_config2_0/read_data[6]/U1 
# ** Error: src/proasic3l.v(9730): $recovery( posedge CLR:18615 ps, negedge CLK:18641 ps, 265 ps );
#    Time: 18641 ps  Iteration: 0  Instance: /tb_full_system/full_system_0/\spi_mode_config2_0/read_data[3]/U1 
run -all
run -all
# ** Error: src/proasic3l.v(13311): $setup( posedge D:158690250 ps, posedge G &&& Enable1:158690446 ps, 671 ps );
#    Time: 158690446 ps  Iteration: 0  Instance: /tb_full_system/full_system_0/\spi_master_0/data_d[0] 
# End time: 20:42:02 on Apr 07,2016, Elapsed time: 0:00:55
# Errors: 3, Warnings: 2
