# Reading C:/Microsemi/Libero_v11.6/Model/tcl/vsim/pref.tcl
# do run.do
# INFO: Simulation library presynth already exists
# Model Technology ModelSim PE vmap 10.3c Lib Mapping Utility 2014.07 Jul 19 2014
# vmap -modelsim_quiet presynth presynth 
# Modifying modelsim.ini
# Model Technology ModelSim PE vmap 10.3c Lib Mapping Utility 2014.07 Jul 19 2014
# vmap -modelsim_quiet proasic3l C:/Microsemi/Libero_v11.6/Designer/lib/modelsim/precompiled/vlog/proasic3l 
# Modifying modelsim.ini
# Model Technology ModelSim Microsemi vlog 10.3c Compiler 2014.07 Jul 19 2014
# Start time: 00:38:02 on Mar 11,2016
# vlog -reportprogress 300 -work presynth C:/Users/Scott/Documents/Docs/School/Senior/Projects/Libero/Avionics_2/hdl/memory_controller.v 
# -- Compiling module memory_controller
# 
# Top level modules:
# 	memory_controller
# End time: 00:38:02 on Mar 11,2016, Elapsed time: 0:00:00
# Errors: 0, Warnings: 0
# Model Technology ModelSim Microsemi vlog 10.3c Compiler 2014.07 Jul 19 2014
# Start time: 00:38:02 on Mar 11,2016
# vlog -reportprogress 300 "+incdir+C:/Users/Scott/Documents/Docs/School/Senior/Projects/Libero/Avionics_2/stimulus" -work presynth C:/Users/Scott/Documents/Docs/School/Senior/Projects/Libero/Avionics_2/stimulus/tb_memory_controller.v 
# -- Compiling module tb_memory_controller
# 
# Top level modules:
# 	tb_memory_controller
# End time: 00:38:02 on Mar 11,2016, Elapsed time: 0:00:00
# Errors: 0, Warnings: 0
# vsim -gui -do "do run.do" -l tb_memory_controller_presynth_simulation.log 
# Start time: 00:38:02 on Mar 11,2016
# //  ModelSim Microsemi 10.3c Jul 19 2014 
# //
# //  Copyright 1991-2014 Mentor Graphics Corporation
# //  All Rights Reserved.
# //
# //  THIS WORK CONTAINS TRADE SECRET AND PROPRIETARY INFORMATION
# //  WHICH IS THE PROPERTY OF MENTOR GRAPHICS CORPORATION OR ITS
# //  LICENSORS AND IS SUBJECT TO LICENSE TERMS.
# //
# Loading presynth.tb_memory_controller
# Loading presynth.memory_controller
# ** Warning: (vsim-WLF-5000) WLF file currently in use: vsim.wlf
# 
#           File in use by: Scott  Hostname: SCOTT-PC  ProcessID: 14132
# 
#           Attempting to use alternate WLF file "./wlftea3ff9".
# ** Warning: (vsim-WLF-5001) Could not open WLF file: vsim.wlf
# 
#           Using alternate file: ./wlftea3ff9
# 
do run.do
# INFO: Simulation library presynth already exists
# Model Technology ModelSim PE vmap 10.3c Lib Mapping Utility 2014.07 Jul 19 2014
# vmap -modelsim_quiet presynth presynth 
# Modifying modelsim.ini
# Model Technology ModelSim PE vmap 10.3c Lib Mapping Utility 2014.07 Jul 19 2014
# vmap -modelsim_quiet proasic3l C:/Microsemi/Libero_v11.6/Designer/lib/modelsim/precompiled/vlog/proasic3l 
# Modifying modelsim.ini
# Model Technology ModelSim Microsemi vlog 10.3c Compiler 2014.07 Jul 19 2014
# Start time: 00:38:45 on Mar 11,2016
# vlog -reportprogress 300 -work presynth C:/Users/Scott/Documents/Docs/School/Senior/Projects/Libero/Avionics_2/hdl/memory_controller.v 
# -- Compiling module memory_controller
# 
# Top level modules:
# 	memory_controller
# End time: 00:38:45 on Mar 11,2016, Elapsed time: 0:00:00
# Errors: 0, Warnings: 0
# Model Technology ModelSim Microsemi vlog 10.3c Compiler 2014.07 Jul 19 2014
# Start time: 00:38:45 on Mar 11,2016
# vlog -reportprogress 300 "+incdir+C:/Users/Scott/Documents/Docs/School/Senior/Projects/Libero/Avionics_2/stimulus" -work presynth C:/Users/Scott/Documents/Docs/School/Senior/Projects/Libero/Avionics_2/stimulus/tb_memory_controller.v 
# -- Compiling module tb_memory_controller
# 
# Top level modules:
# 	tb_memory_controller
# End time: 00:38:45 on Mar 11,2016, Elapsed time: 0:00:00
# Errors: 0, Warnings: 0
# vsim 
# Start time: 00:38:47 on Mar 11,2016
# Loading presynth.tb_memory_controller
# Loading presynth.memory_controller
# ** Warning: (vsim-WLF-5000) WLF file currently in use: vsim.wlf
# 
#           File in use by: Scott  Hostname: SCOTT-PC  ProcessID: 14132
# 
#           Attempting to use alternate WLF file "./wlftczvzhz".
# ** Warning: (vsim-WLF-5001) Could not open WLF file: vsim.wlf
# 
#           Using alternate file: ./wlftczvzhz
# 
add wave sim:/tb_memory_controller/memory_controller_0/*
restart
run -all
do run.do
# INFO: Simulation library presynth already exists
# Model Technology ModelSim PE vmap 10.3c Lib Mapping Utility 2014.07 Jul 19 2014
# vmap -modelsim_quiet presynth presynth 
# Modifying modelsim.ini
# Model Technology ModelSim PE vmap 10.3c Lib Mapping Utility 2014.07 Jul 19 2014
# vmap -modelsim_quiet proasic3l C:/Microsemi/Libero_v11.6/Designer/lib/modelsim/precompiled/vlog/proasic3l 
# Modifying modelsim.ini
# Model Technology ModelSim Microsemi vlog 10.3c Compiler 2014.07 Jul 19 2014
# Start time: 00:45:48 on Mar 11,2016
# vlog -reportprogress 300 -work presynth C:/Users/Scott/Documents/Docs/School/Senior/Projects/Libero/Avionics_2/hdl/memory_controller.v 
# -- Compiling module memory_controller
# 
# Top level modules:
# 	memory_controller
# End time: 00:45:48 on Mar 11,2016, Elapsed time: 0:00:00
# Errors: 0, Warnings: 0
# Model Technology ModelSim Microsemi vlog 10.3c Compiler 2014.07 Jul 19 2014
# Start time: 00:45:48 on Mar 11,2016
# vlog -reportprogress 300 "+incdir+C:/Users/Scott/Documents/Docs/School/Senior/Projects/Libero/Avionics_2/stimulus" -work presynth C:/Users/Scott/Documents/Docs/School/Senior/Projects/Libero/Avionics_2/stimulus/tb_memory_controller.v 
# -- Compiling module tb_memory_controller
# 
# Top level modules:
# 	tb_memory_controller
# End time: 00:45:48 on Mar 11,2016, Elapsed time: 0:00:00
# Errors: 0, Warnings: 0
# vsim 
# Start time: 00:45:50 on Mar 11,2016
# Loading presynth.tb_memory_controller
# Loading presynth.memory_controller
# ** Warning: (vsim-WLF-5000) WLF file currently in use: vsim.wlf
# 
#           File in use by: Scott  Hostname: SCOTT-PC  ProcessID: 14132
# 
#           Attempting to use alternate WLF file "./wlft97j0ve".
# ** Warning: (vsim-WLF-5001) Could not open WLF file: vsim.wlf
# 
#           Using alternate file: ./wlft97j0ve
# 
add wave sim:/tb_memory_controller/memory_controller_0/*
restart
run -all
# End time: 00:47:49 on Mar 11,2016, Elapsed time: 0:01:59
# Errors: 0, Warnings: 2
