# Reading C:/Microsemi/Libero_v11.6/Model/tcl/vsim/pref.tcl
# do run.do
# INFO: Simulation library postsynth already exists
# Model Technology ModelSim PE vmap 10.3c Lib Mapping Utility 2014.07 Jul 19 2014
# vmap -modelsim_quiet postsynth postsynth 
# Modifying modelsim.ini
# Model Technology ModelSim PE vmap 10.3c Lib Mapping Utility 2014.07 Jul 19 2014
# vmap -modelsim_quiet proasic3l C:/Microsemi/Libero_v11.6/Designer/lib/modelsim/precompiled/vlog/proasic3l 
# Modifying modelsim.ini
# Model Technology ModelSim Microsemi vlog 10.3c Compiler 2014.07 Jul 19 2014
# Start time: 21:36:09 on Mar 07,2016
# vlog -reportprogress 300 -work postsynth F:/Avionics_2/synthesis/transceiver_integration.v 
# -- Compiling module spi_mode_config2
# -- Compiling module orbit_control
# -- Compiling module clock_div_26MHZ_1MHZ
# -- Compiling module read_buffer
# -- Compiling module reset_pulse
# -- Compiling module clock_div_1MHZ_10HZ
# -- Compiling module spi_master
# -- Compiling module CLK_26MHZ
# -- Compiling module transceiver_integration
# 
# Top level modules:
# 	transceiver_integration
# End time: 21:36:17 on Mar 07,2016, Elapsed time: 0:00:08
# Errors: 0, Warnings: 0
# Model Technology ModelSim Microsemi vlog 10.3c Compiler 2014.07 Jul 19 2014
# Start time: 21:36:17 on Mar 07,2016
# vlog -reportprogress 300 "+incdir+F:/Avionics_2/stimulus" -work postsynth F:/Avionics_2/stimulus/tb_tranceiver_integration.v 
# -- Compiling module tb_tranceiver_integration
# 
# Top level modules:
# 	tb_tranceiver_integration
# End time: 21:36:18 on Mar 07,2016, Elapsed time: 0:00:01
# Errors: 0, Warnings: 0
# vsim -gui -do "do run.do" -l tb_tranceiver_integration_postsynth_simulation.log 
# Start time: 21:36:18 on Mar 07,2016
# //  ModelSim Microsemi 10.3c Jul 19 2014 
# //
# //  Copyright 1991-2014 Mentor Graphics Corporation
# //  All Rights Reserved.
# //
# //  THIS WORK CONTAINS TRADE SECRET AND PROPRIETARY INFORMATION
# //  WHICH IS THE PROPERTY OF MENTOR GRAPHICS CORPORATION OR ITS
# //  LICENSORS AND IS SUBJECT TO LICENSE TERMS.
# //
# Loading postsynth.tb_tranceiver_integration
# Loading postsynth.transceiver_integration
# Loading proasic3l.OUTBUF
# Loading postsynth.spi_mode_config2
# Loading proasic3l.AX1
# Loading proasic3l.XOR2
# Loading proasic3l.NOR2B
# Loading proasic3l.AO1
# Loading proasic3l.OR2A
# Loading proasic3l.OR2
# Loading proasic3l.DFN1E1P0
# Loading proasic3l.NOR2A
# Loading proasic3l.NOR3C
# Loading proasic3l.NOR3B
# Loading proasic3l.OA1
# Loading proasic3l.XNOR2
# Loading proasic3l.OR3
# Loading proasic3l.AND2
# Loading proasic3l.OR3A
# Loading proasic3l.AO1A
# Loading proasic3l.NOR2
# Loading proasic3l.DFN0C0
# Loading proasic3l.DFN1E0C0
# Loading proasic3l.OA1C
# Loading proasic3l.NOR3A
# Loading proasic3l.OA1B
# Loading proasic3l.OA1A
# Loading proasic3l.OR3B
# Loading proasic3l.DFN1E1C0
# Loading proasic3l.AX1C
# Loading proasic3l.GND
# Loading proasic3l.OR2B
# Loading proasic3l.MX2C
# Loading proasic3l.NOR3
# Loading proasic3l.DFN1C0
# Loading proasic3l.AXOI7
# Loading proasic3l.VCC
# Loading proasic3l.MX2
# Loading proasic3l.AO1C
# Loading proasic3l.DFN0P0
# Loading proasic3l.DFN1E0P0
# Loading proasic3l.AO1B
# Loading proasic3l.CLKINT
# Loading proasic3l.OR3C
# Loading proasic3l.INBUF
# Loading postsynth.orbit_control
# Loading proasic3l.XA1
# Loading proasic3l.AOI1
# Loading postsynth.clock_div_26MHZ_1MHZ
# Loading proasic3l.AND3
# Loading proasic3l.AOI1B
# Loading proasic3l.DFN1P0
# Loading postsynth.read_buffer
# Loading proasic3l.OAI1
# Loading proasic3l.XO1A
# Loading postsynth.reset_pulse
# Loading postsynth.clock_div_1MHZ_10HZ
# Loading proasic3l.INV
# Loading postsynth.spi_master
# Loading proasic3l.AO1D
# Loading proasic3l.XA1A
# Loading proasic3l.DLN1
# Loading proasic3l.AXOI5
# Loading proasic3l.AXO6
# Loading postsynth.CLK_26MHZ
# Loading proasic3l.PLL
# Loading proasic3l.PLLPRIM
# Loading proasic3l.PLLINT
# ** Warning: (vsim-3017) F:/Avionics_2/stimulus/tb_tranceiver_integration.v(59): [TFMPC] - Too few port connections. Expected 14, found 6.
# 
#         Region: /tb_tranceiver_integration/transceiver_integration_0
# ** Warning: (vsim-3722) F:/Avionics_2/stimulus/tb_tranceiver_integration.v(59): [TFMPC] - Missing connection for port 'ds0'.
# 
# ** Warning: (vsim-3722) F:/Avionics_2/stimulus/tb_tranceiver_integration.v(59): [TFMPC] - Missing connection for port 'ds1'.
# 
# ** Warning: (vsim-3722) F:/Avionics_2/stimulus/tb_tranceiver_integration.v(59): [TFMPC] - Missing connection for port 'ds2'.
# 
# ** Warning: (vsim-3722) F:/Avionics_2/stimulus/tb_tranceiver_integration.v(59): [TFMPC] - Missing connection for port 'ds3'.
# 
# ** Warning: (vsim-3722) F:/Avionics_2/stimulus/tb_tranceiver_integration.v(59): [TFMPC] - Missing connection for port 'ds4'.
# 
# ** Warning: (vsim-3722) F:/Avionics_2/stimulus/tb_tranceiver_integration.v(59): [TFMPC] - Missing connection for port 'ds5'.
# 
# ** Warning: (vsim-3722) F:/Avionics_2/stimulus/tb_tranceiver_integration.v(59): [TFMPC] - Missing connection for port 'ds6'.
# 
# ** Warning: (vsim-3722) F:/Avionics_2/stimulus/tb_tranceiver_integration.v(59): [TFMPC] - Missing connection for port 'ds7'.
# 
# Loading proasic3l.UDP_MUX2
# Loading proasic3l.Dffpr
# Loading proasic3l.UDPN_MUX2
# Loading proasic3l.Dffpf
# Loading proasic3l.DL2C_UDP
# ** Warning: (vsim-WLF-5000) WLF file currently in use: vsim.wlf
# 
#           File in use by: Scott  Hostname: SCOTT-PC  ProcessID: 14132
# 
#           Attempting to use alternate WLF file "./wlfthz1k59".
# ** Warning: (vsim-WLF-5001) Could not open WLF file: vsim.wlf
# 
#           Using alternate file: ./wlfthz1k59
# 
#  ** Warning: FBSEL is unknown.
#  Time: 0.0 Instance: tb_tranceiver_integration.transceiver_integration_0.CLK_26MHZ_0.Core.P1 
run -all
# End time: 21:37:57 on Mar 07,2016, Elapsed time: 0:01:39
# Errors: 0, Warnings: 11
