# Reading C:/Microsemi/Libero_v11.6/Model/tcl/vsim/pref.tcl
# do run.do
# INFO: Simulation library ../designer/impl1/simulation/postlayout already exists
# Model Technology ModelSim PE vmap 10.3c Lib Mapping Utility 2014.07 Jul 19 2014
# vmap -modelsim_quiet postlayout ../designer/impl1/simulation/postlayout 
# Modifying modelsim.ini
# Model Technology ModelSim PE vmap 10.3c Lib Mapping Utility 2014.07 Jul 19 2014
# vmap -modelsim_quiet proasic3l C:/Microsemi/Libero_v11.6/Designer/lib/modelsim/precompiled/vlog/proasic3l 
# Modifying modelsim.ini
# Model Technology ModelSim Microsemi vlog 10.3c Compiler 2014.07 Jul 19 2014
# Start time: 19:34:01 on Mar 08,2016
# vlog -reportprogress 300 -work postlayout F:/Avionics_2/designer/impl1/transceiver_integration_ba.v 
# -- Compiling module PLLBA
# -- Compiling module transceiver_integration
# 
# Top level modules:
# 	transceiver_integration
# End time: 19:34:06 on Mar 08,2016, Elapsed time: 0:00:05
# Errors: 0, Warnings: 0
# Model Technology ModelSim Microsemi vlog 10.3c Compiler 2014.07 Jul 19 2014
# Start time: 19:34:06 on Mar 08,2016
# vlog -reportprogress 300 "+incdir+F:/Avionics_2/stimulus" -work postlayout F:/Avionics_2/stimulus/tb_tranceiver_integration.v 
# -- Compiling module tb_tranceiver_integration
# 
# Top level modules:
# 	tb_tranceiver_integration
# End time: 19:34:15 on Mar 08,2016, Elapsed time: 0:00:09
# Errors: 0, Warnings: 0
# vsim -gui -do "do run.do" -l tb_tranceiver_integration_postlayout_simulation.log 
# Start time: 19:34:15 on Mar 08,2016
# //  ModelSim Microsemi 10.3c Jul 19 2014 
# //
# //  Copyright 1991-2014 Mentor Graphics Corporation
# //  All Rights Reserved.
# //
# //  THIS WORK CONTAINS TRADE SECRET AND PROPRIETARY INFORMATION
# //  WHICH IS THE PROPERTY OF MENTOR GRAPHICS CORPORATION OR ITS
# //  LICENSORS AND IS SUBJECT TO LICENSE TERMS.
# //
# Loading postlayout.tb_tranceiver_integration
# Loading postlayout.transceiver_integration
# Loading proasic3l.IOTRI_OB_EB
# Loading proasic3l.DFN1C0
# Loading proasic3l.OA1A
# Loading proasic3l.OR3
# Loading proasic3l.AX1C
# Loading proasic3l.AO1
# Loading proasic3l.OR2
# Loading proasic3l.AOI1
# Loading proasic3l.NOR2A
# Loading proasic3l.XOR2
# Loading proasic3l.AO1D
# Loading proasic3l.XA1
# Loading proasic3l.XNOR2
# Loading proasic3l.AND3
# Loading proasic3l.DFN0C0
# Loading proasic3l.NOR3B
# Loading proasic3l.MX2
# Loading proasic3l.NOR2B
# Loading proasic3l.DFN1P0
# Loading proasic3l.OR2A
# Loading proasic3l.NOR3C
# Loading proasic3l.NOR2
# Loading proasic3l.XA1B
# Loading proasic3l.IOPAD_TRI
# Loading proasic3l.OAI1
# Loading proasic3l.NOR3
# Loading proasic3l.CLKINT
# Loading proasic3l.OA1B
# Loading proasic3l.NOR3A
# Loading proasic3l.OA1
# Loading proasic3l.AO1A
# Loading proasic3l.MX2A
# Loading proasic3l.AND2
# Loading proasic3l.OR3B
# Loading proasic3l.AOI1B
# Loading proasic3l.AX1E
# Loading proasic3l.DFN0P0
# Loading proasic3l.IOIN_IB
# Loading proasic3l.AO1B
# Loading proasic3l.ULSICC_INT
# Loading proasic3l.INV
# Loading proasic3l.OR3A
# Loading proasic3l.OR2B
# Loading proasic3l.IOPAD_IN
# Loading proasic3l.AXOI7
# Loading postlayout.PLLBA
# Loading proasic3l.PLL_SDF
# Loading proasic3l.PLL_DLY_SDF
# Loading proasic3l.GND
# Loading proasic3l.AO1C
# Loading proasic3l.XO1A
# Loading proasic3l.AND3B
# Loading proasic3l.DLN1
# Loading proasic3l.OA1C
# Loading proasic3l.VCC
# SDF 10.3c Compiler 2014.07 Jul 19 2014
# 
# Loading instances from F:/Avionics_2/designer/impl1/transceiver_integration_ba.sdf
# ** Warning: (vsim-3017) F:/Avionics_2/stimulus/tb_tranceiver_integration.v(59): [TFMPC] - Too few port connections. Expected 14, found 6.
# 
#         Region: /tb_tranceiver_integration/transceiver_integration_0
# ** Warning: (vsim-3722) F:/Avionics_2/stimulus/tb_tranceiver_integration.v(59): [TFMPC] - Missing connection for port 'ds0'.
# 
# ** Warning: (vsim-3722) F:/Avionics_2/stimulus/tb_tranceiver_integration.v(59): [TFMPC] - Missing connection for port 'ds1'.
# 
# ** Warning: (vsim-3722) F:/Avionics_2/stimulus/tb_tranceiver_integration.v(59): [TFMPC] - Missing connection for port 'ds2'.
# 
# ** Warning: (vsim-3722) F:/Avionics_2/stimulus/tb_tranceiver_integration.v(59): [TFMPC] - Missing connection for port 'ds3'.
# 
# ** Warning: (vsim-3722) F:/Avionics_2/stimulus/tb_tranceiver_integration.v(59): [TFMPC] - Missing connection for port 'ds4'.
# 
# ** Warning: (vsim-3722) F:/Avionics_2/stimulus/tb_tranceiver_integration.v(59): [TFMPC] - Missing connection for port 'ds5'.
# 
# ** Warning: (vsim-3722) F:/Avionics_2/stimulus/tb_tranceiver_integration.v(59): [TFMPC] - Missing connection for port 'ds6'.
# 
# ** Warning: (vsim-3722) F:/Avionics_2/stimulus/tb_tranceiver_integration.v(59): [TFMPC] - Missing connection for port 'ds7'.
# 
# Loading proasic3l.Dffpr
# Loading proasic3l.UDP_MUX2
# Loading proasic3l.UDPN_MUX2
# Loading proasic3l.Dffpf
# Loading proasic3l.DL2C_UDP
# Loading timing data from F:/Avionics_2/designer/impl1/transceiver_integration_ba.sdf
# ** Note: (vsim-3587) SDF Backannotation Successfully Completed.
#    Time: 0 ps  Iteration: 0  Instance: /tb_tranceiver_integration File: F:/Avionics_2/stimulus/tb_tranceiver_integration.v
# ** Warning: (vsim-WLF-5000) WLF file currently in use: vsim.wlf
# 
#           File in use by: Scott  Hostname: SCOTT-PC  ProcessID: 14132
# 
#           Attempting to use alternate WLF file "./wlft24g2a5".
# ** Warning: (vsim-WLF-5001) Could not open WLF file: vsim.wlf
# 
#           Using alternate file: ./wlft24g2a5
# 
run -all
# End time: 20:19:47 on Mar 08,2016, Elapsed time: 0:45:32
# Errors: 0, Warnings: 11
