

#### START OF CLOCK OPTIMIZATION REPORT #####[

Clock optimization not enabled
0 non-gated/non-generated clock tree(s) driving 0 clock pin(s) of sequential element(s)
11 gated/generated clock tree(s) driving 1058 clock pin(s) of sequential element(s)
0 instances converted, 1058 sequential instances remain driven by gated/generated clocks

==================================================================================================================== Gated/Generated Clocks =====================================================================================================================
Clock Tree ID     Driving Element                      Drive Element Type     Fanout     Sample Instance                           Explanation                                                                                                                   
-----------------------------------------------------------------------------------------------------------------------------------------------------------------------------------------------------------------------------------------------------------------
@K:CKID0001       spi_master_0.ctr_q_RNIBTOP2[1]       AO1C                   2          spi_master_0.chip_rdy_0                   Clock conversion disabled                                                                                                     
@K:CKID0002       clock_div_1MHZ_100KHZ_0.clk_out      DFN1P0                 187        i2c_interface2_0.data_cntr[3]             No generated or derived clock directive on output of sequential instance                                                      
@K:CKID0003       CLK_26MHZ_0.Core                     PLL                    120        spi_mode_config2_0.state_b[2]             Gating structure creates improper gating logic. See the Gated Clocks description in the user guide for conversion requirements
@K:CKID0004       clock_div_1MHZ_10HZ_0.clk_out        DFN1P0                 89         timestamp_0.TIMESTAMP[23]                 No generated or derived clock directive on output of sequential instance                                                      
@K:CKID0005       clock_div_26MHZ_1MHZ_0.clk_out       DFN1P0                 36         clock_div_1MHZ_100KHZ_0.counter[16]       No generated or derived clock directive on output of sequential instance                                                      
@K:CKID0006       spi_mode_config2_0.ss_b              DFN1E0C0               24         spi_master_0.data_out_d[7]                No generated or derived clock directive on output of sequential instance                                                      
@K:CKID0007       memory_controller_0.next_read        DFN1E1C0               19         read_address_traversal_0.chip_select      No generated or derived clock directive on output of sequential instance                                                      
@K:CKID0008       memory_controller_0.next_write       DFN1E1C0               19         write_address_traversal_0.chip_select     No generated or derived clock directive on output of sequential instance                                                      
@K:CKID0009       spi_mode_config2_0.next_b            DFN1E0C0               10         read_buffer_0.position[1]                 No generated or derived clock directive on output of sequential instance                                                      
@K:CKID0010       reset_pulse_0.CLK_OUT_48MHZ          NOR2B                  492        sram_interface_0.read_counter[1]          No clocks found on inputs                                                                                                     
@K:CKID0011       spi_master_0.busy_enable_RNIL01R     NOR3A                  60         spi_mode_config2_0.byte_out_a[7]          No clocks found on inputs                                                                                                     
=================================================================================================================================================================================================================================================================


##### END OF CLOCK OPTIMIZATION REPORT ######]

