Target Part: M1A3P1000L_FBGA484_STD
Report for cell full_system.verilog
  Core Cell usage:
              cell count     area count*area
              AND2    31      1.0       31.0
             AND2A     1      1.0        1.0
              AND3    62      1.0       62.0
               AO1    38      1.0       38.0
              AO12     1      1.0        1.0
              AO13    15      1.0       15.0
              AO18     2      1.0        2.0
              AO1A    34      1.0       34.0
              AO1B     2      1.0        2.0
              AO1C     5      1.0        5.0
              AO1D     9      1.0        9.0
              AOI1     7      1.0        7.0
             AOI1A     1      1.0        1.0
             AOI1B    17      1.0       17.0
               AX1     5      1.0        5.0
              AX1C    24      1.0       24.0
             AXOI5     3      1.0        3.0
              BUFF     2      1.0        2.0
            CLKINT     5      0.0        0.0
               GND    16      0.0        0.0
               INV    28      1.0       28.0
               MX2   360      1.0      360.0
              MX2A     5      1.0        5.0
              MX2B     2      1.0        2.0
              MX2C     4      1.0        4.0
              NOR2    79      1.0       79.0
             NOR2A   146      1.0      146.0
             NOR2B   166      1.0      166.0
              NOR3    19      1.0       19.0
             NOR3A    33      1.0       33.0
             NOR3B    50      1.0       50.0
             NOR3C    63      1.0       63.0
               OA1    22      1.0       22.0
              OA1A    14      1.0       14.0
              OA1B    11      1.0       11.0
              OA1C     9      1.0        9.0
              OAI1     2      1.0        2.0
               OR2   113      1.0      113.0
              OR2A   143      1.0      143.0
              OR2B    17      1.0       17.0
               OR3    91      1.0       91.0
              OR3A     9      1.0        9.0
              OR3B    18      1.0       18.0
              OR3C     5      1.0        5.0
               PLL     1      0.0        0.0
            PLLINT     1      0.0        0.0
               VCC    16      0.0        0.0
               XA1    18      1.0       18.0
              XA1B    13      1.0       13.0
              XAI1     5      1.0        5.0
             XAI1A     3      1.0        3.0
             XNOR2    19      1.0       19.0
             XNOR3    11      1.0       11.0
               XO1    23      1.0       23.0
              XO1A     1      1.0        1.0
              XOR2   135      1.0      135.0
              XOR3     1      1.0        1.0


            DFN0C0    31      1.0       31.0
          DFN0E0C0    37      1.0       37.0
          DFN0E0P0     7      1.0        7.0
          DFN0E1C0    27      1.0       27.0
            DFN0P0    10      1.0       10.0
            DFN1C0   292      1.0      292.0
          DFN1E0C0    47      1.0       47.0
          DFN1E1C0   283      1.0      283.0
          DFN1E1P0     1      1.0        1.0
            DFN1P0    18      1.0       18.0
              DLN1     2      1.0        2.0
            DLN1C0     1      1.0        1.0
                   -----          ----------
             TOTAL  2692              2653.0


  IO Cell usage:
              cell count
             BIBUF    32
             INBUF     4
            OUTBUF    28
                   -----
             TOTAL    64


Core Cells         : 2653 of 24576 (11%)
IO Cells           : 64

  RAM/ROM Usage Summary
Block Rams : 0 of 32 (0%)

