Target Part: M1A3P1000L_FBGA484_STD
Report for cell I2C_integration.verilog
  Core Cell usage:
              cell count     area count*area
              AND2     9      1.0        9.0
              AND3    36      1.0       36.0
               AO1    21      1.0       21.0
              AO1A    19      1.0       19.0
              AO1B     1      1.0        1.0
              AO1C     2      1.0        2.0
              AO1D     2      1.0        2.0
              AOI1     3      1.0        3.0
             AOI1B    14      1.0       14.0
               AX1     2      1.0        2.0
              AX1A     1      1.0        1.0
              AX1C    12      1.0       12.0
              AX1D     1      1.0        1.0
            CLKINT     2      0.0        0.0
               GND     8      0.0        0.0
               INV     3      1.0        3.0
               MX2    88      1.0       88.0
              MX2B     1      1.0        1.0
              MX2C     1      1.0        1.0
              NOR2    19      1.0       19.0
             NOR2A    28      1.0       28.0
             NOR2B    37      1.0       37.0
              NOR3    10      1.0       10.0
             NOR3A    39      1.0       39.0
             NOR3B    41      1.0       41.0
             NOR3C    29      1.0       29.0
               OA1     4      1.0        4.0
              OA1A     3      1.0        3.0
              OA1B     1      1.0        1.0
               OR2    28      1.0       28.0
              OR2A    15      1.0       15.0
              OR2B     7      1.0        7.0
               OR3    41      1.0       41.0
              OR3A    12      1.0       12.0
              OR3B     3      1.0        3.0
              OR3C     3      1.0        3.0
               PLL     1      0.0        0.0
            PLLINT     1      0.0        0.0
               VCC     8      0.0        0.0
               XA1     1      1.0        1.0
             XNOR2     5      1.0        5.0
             XNOR3     4      1.0        4.0
               XO1    25      1.0       25.0
              XOR2    99      1.0       99.0


            DFN0C0    21      1.0       21.0
          DFN0E0C0     7      1.0        7.0
          DFN0E0P0     1      1.0        1.0
            DFN0E1     4      1.0        4.0
          DFN0E1C0    98      1.0       98.0
            DFN0P0     4      1.0        4.0
            DFN1C0    60      1.0       60.0
            DFN1E0    80      1.0       80.0
            DFN1E1    72      1.0       72.0
          DFN1E1C0     8      1.0        8.0
            DFN1P0     4      1.0        4.0
                   -----          ----------
             TOTAL  1049              1029.0


  IO Cell usage:
              cell count
             BIBUF     1
             INBUF     2
            OUTBUF     9
                   -----
             TOTAL    12


Core Cells         : 1029 of 24576 (4%)
IO Cells           : 12

  RAM/ROM Usage Summary
Block Rams : 0 of 32 (0%)

