Target Part: M1A3P1000L_FBGA484_STD
Report for cell read_buffer.verilog
  Core Cell usage:
              cell count     area count*area
              AND2     1      1.0        1.0
               AO1     2      1.0        2.0
              AO1B     1      1.0        1.0
              AOI1     3      1.0        3.0
              AX1C     1      1.0        1.0
              BUFF     2      1.0        2.0
               GND     1      0.0        0.0
               MX2    24      1.0       24.0
              MX2B     1      1.0        1.0
              NOR2    16      1.0       16.0
             NOR2A     5      1.0        5.0
             NOR2B    12      1.0       12.0
             NOR3A     5      1.0        5.0
             NOR3B     3      1.0        3.0
             NOR3C     8      1.0        8.0
               OA1     2      1.0        2.0
              OA1A     2      1.0        2.0
              OAI1     1      1.0        1.0
               OR2     1      1.0        1.0
              OR2A     5      1.0        5.0
              OR2B     2      1.0        2.0
              OR3B     1      1.0        1.0
              OR3C     1      1.0        1.0
               VCC     1      0.0        0.0
               XA1     7      1.0        7.0
              XOR2     2      1.0        2.0


            DFN1C0     3      1.0        3.0
          DFN1E0C0    17      1.0       17.0
          DFN1E1C0    33      1.0       33.0
            DFN1P0     1      1.0        1.0
                   -----          ----------
             TOTAL   164               162.0


  IO Cell usage:
              cell count
            CLKBUF     2
             INBUF    35
            OUTBUF     9
                   -----
             TOTAL    46


Core Cells         : 162 of 24576 (1%)
IO Cells           : 46

  RAM/ROM Usage Summary
Block Rams : 0 of 32 (0%)

