Target Part: M1A3P1000L_FBGA484_STD
Report for cell transceiver_integration.verilog
  Core Cell usage:
              cell count     area count*area
              AND2    18      1.0       18.0
              AND3    36      1.0       36.0
               AO1    26      1.0       26.0
              AO1A    32      1.0       32.0
              AO1B     3      1.0        3.0
              AO1C     2      1.0        2.0
              AO1D     6      1.0        6.0
              AOI1     6      1.0        6.0
             AOI1B     9      1.0        9.0
              AX1C    11      1.0       11.0
             AXOI5     3      1.0        3.0
            CLKINT     5      0.0        0.0
               GND     9      0.0        0.0
               INV     2      1.0        2.0
               MX2    28      1.0       28.0
              MX2A     7      1.0        7.0
              MX2C     4      1.0        4.0
              NOR2    46      1.0       46.0
             NOR2A    89      1.0       89.0
             NOR2B    96      1.0       96.0
              NOR3    19      1.0       19.0
             NOR3A    34      1.0       34.0
             NOR3B    42      1.0       42.0
             NOR3C    33      1.0       33.0
               OA1    28      1.0       28.0
              OA1A     8      1.0        8.0
              OA1B     6      1.0        6.0
              OA1C     8      1.0        8.0
              OAI1     2      1.0        2.0
               OR2    60      1.0       60.0
              OR2A    30      1.0       30.0
              OR2B    15      1.0       15.0
               OR3    69      1.0       69.0
              OR3A    10      1.0       10.0
              OR3B     1      1.0        1.0
              OR3C     1      1.0        1.0
               PLL     1      0.0        0.0
            PLLINT     1      0.0        0.0
               VCC     9      0.0        0.0
               XA1    17      1.0       17.0
              XA1B     2      1.0        2.0
             XNOR2     5      1.0        5.0
              XO1A     1      1.0        1.0
              XOR2    59      1.0       59.0


            DFN0C0    27      1.0       27.0
          DFN0E0C0     2      1.0        2.0
          DFN0E0P0     3      1.0        3.0
          DFN0E1C0    10      1.0       10.0
            DFN0P0     8      1.0        8.0
            DFN1C0    73      1.0       73.0
          DFN1E0C0    32      1.0       32.0
          DFN1E0P0     1      1.0        1.0
          DFN1E1C0    35      1.0       35.0
            DFN1P0    14      1.0       14.0
              DLN1     1      1.0        1.0
            DLN1C0     1      1.0        1.0
                   -----          ----------
             TOTAL  1106              1081.0


  IO Cell usage:
              cell count
             INBUF     3
            OUTBUF    11
                   -----
             TOTAL    14


Core Cells         : 1081 of 24576 (4%)
IO Cells           : 14

  RAM/ROM Usage Summary
Block Rams : 0 of 32 (0%)

