FlashPro
Version: 11.6.0.34
Release: v11.6

Software Version: 11.6.0.34
creating folder: F:\Avionics_2\designer\impl1\transceiver_integration_1_fp_1
Created new project
'F:\Avionics_2\designer\impl1\transceiver_integration_1_fp_1\transceiver_integration.pro'
PDB file 'F:\Avionics_2\designer\impl1\transceiver_integration.pdb' has been loaded
successfully.
DESIGN : transceiver_integration;  CHECKSUM : 28D8;  PDB_VERSION : 1.9
Error: No programmers found. Please check the programmer connection to the computer and ensure
       the drivers are properly installed.
Error: Failed to run Action.
Rescanning for Programmers...
Driver : 3.0.0 build 1
programmer '98250' : FlashPro3
Rescanning for Programmers DONE.
programmer '98250' : Scan Chain...
Warning: programmer '98250' : Vpump has been selected on programmer AND an externally provided
         Vpump has also been detected. Using externally provided Vpump voltage source.
programmer '98250' : Scan Chain PASSED.
programmer '98250' : Executing action PROGRAM
programmer '98250' : EXPORT FSN[48] = 014eaf603098
programmer '98250' : Data Authentication
programmer '98250' : Erase ...
programmer '98250' : Completed erase
programmer '98250' : EXPORT CHECKSUM: [16] = 28d8
programmer '98250' : Programming FPGA Array
programmer '98250' : Verifying FPGA Array
programmer '98250' :             Verifying FPGA Array -- PASS
programmer '98250' : Finished: Tue Mar 08 18:01:53 2016 (Elapsed time 00:01:54)
programmer '98250' : Executing action PROGRAM PASSED.

                        o - o - o - o - o - o

creating folder: F:\Avionics_2\designer\impl1\transceiver_integration_1_fp_1\projectData
Project saved.
Project closed.
